TN:
SF:js\Arrays.js
FN:6,ejecutarPush
FN:30,ejecutarPop
FN:42,ejecutarUnshift
FN:65,ejecutarShift
FN:76,ejecutarConcat
FN:90,ejecutarSort
FN:102,ejecutarSlice
FN:115,ejecutarReverse
FN:134,ejecutarFlat
FN:146,ejecutarIncludes
FN:187,ejecutarIndexOf
FN:199,ejecutarLastIndexOf
FN:211,ejecutarLength
FNF:13
FNH:13
FNDA:2,ejecutarPush
FNDA:1,ejecutarPop
FNDA:2,ejecutarUnshift
FNDA:1,ejecutarShift
FNDA:1,ejecutarConcat
FNDA:1,ejecutarSort
FNDA:1,ejecutarSlice
FNDA:1,ejecutarReverse
FNDA:1,ejecutarFlat
FNDA:2,ejecutarIncludes
FNDA:1,ejecutarIndexOf
FNDA:1,ejecutarLastIndexOf
FNDA:1,ejecutarLength
DA:2,1
DA:3,1
DA:7,2
DA:8,2
DA:9,2
DA:10,1
DA:12,1
DA:13,1
DA:16,2
DA:25,2
DA:26,2
DA:31,1
DA:32,1
DA:34,1
DA:37,1
DA:38,1
DA:43,2
DA:44,2
DA:45,2
DA:46,1
DA:48,1
DA:49,1
DA:51,2
DA:60,2
DA:61,2
DA:66,1
DA:67,1
DA:69,1
DA:72,1
DA:73,1
DA:77,1
DA:78,1
DA:79,1
DA:81,1
DA:85,1
DA:86,1
DA:91,1
DA:92,1
DA:94,1
DA:97,1
DA:98,1
DA:103,1
DA:104,1
DA:106,1
DA:110,1
DA:111,1
DA:116,1
DA:117,1
DA:118,1
DA:119,1
DA:120,1
DA:123,1
DA:129,1
DA:130,1
DA:135,1
DA:136,1
DA:138,1
DA:141,1
DA:142,1
DA:147,2
DA:148,2
DA:149,2
DA:151,2
DA:152,1
DA:153,1
DA:155,1
DA:156,1
DA:157,1
DA:160,2
DA:173,2
DA:174,2
DA:188,1
DA:189,1
DA:191,1
DA:194,1
DA:195,1
DA:200,1
DA:201,1
DA:203,1
DA:206,1
DA:207,1
DA:212,1
DA:213,1
DA:215,1
DA:218,1
DA:219,1
LF:86
LH:86
BRDA:9,0,0,1
BRDA:9,0,1,1
BRDA:45,1,0,1
BRDA:45,1,1,1
BRDA:151,2,0,1
BRDA:151,2,1,1
BRDA:152,3,0,1
BRDA:152,3,1,0
BRF:8
BRH:7
end_of_record
TN:
SF:js\utils.js
FN:2,(anonymous_0)
FN:11,(anonymous_1)
FNF:2
FNH:2
FNDA:2,(anonymous_0)
FNDA:18,(anonymous_1)
DA:1,2
DA:3,2
DA:4,2
DA:5,1
DA:7,1
DA:12,18
DA:13,18
DA:14,17
DA:16,1
LF:9
LH:9
BRDA:4,0,0,1
BRDA:4,0,1,1
BRDA:13,1,0,17
BRDA:13,1,1,1
BRF:4
BRH:4
end_of_record
TN:
SF:js\POO\EjemploPOO.js
FN:8,ejecutarEjemploPOO
FNF:1
FNH:1
FNDA:4,ejecutarEjemploPOO
DA:9,4
DA:10,4
DA:12,4
DA:15,4
DA:16,4
DA:17,4
DA:18,4
DA:20,4
DA:21,4
DA:22,4
DA:25,4
DA:140,4
LF:12
LH:12
BRF:0
BRH:0
end_of_record
